<?xml version="1.0" encoding="UTF-8"?>
<testng-results ignored="0" total="1" passed="1" failed="0" skipped="0">
  <reporter-output>
  </reporter-output>
  <suite started-at="2023-08-02T01:55:03 IST" name="Suite" finished-at="2023-08-02T01:55:19 IST" duration-ms="15659">
    <groups>
    </groups>
    <test started-at="2023-08-02T01:55:03 IST" name="Test" finished-at="2023-08-02T01:55:19 IST" duration-ms="15659">
      <class name="ecommerce.EcommerceProject.testcases.LoginPageTest">
        <test-method is-config="true" signature="setUp()[pri:0, instance:ecommerce.EcommerceProject.testcases.LoginPageTest@6aaceffd]" started-at="2023-08-02T01:55:03 IST" name="setUp" finished-at="2023-08-02T01:55:09 IST" duration-ms="6528" status="PASS">
          <reporter-output>
          </reporter-output>
        </test-method> <!-- setUp -->
        <test-method signature="test_Login_with_valid_credential()[pri:0, instance:ecommerce.EcommerceProject.testcases.LoginPageTest@6aaceffd]" started-at="2023-08-02T01:55:09 IST" name="test_Login_with_valid_credential" finished-at="2023-08-02T01:55:17 IST" duration-ms="7710" status="PASS">
          <reporter-output>
          </reporter-output>
        </test-method> <!-- test_Login_with_valid_credential -->
        <test-method is-config="true" signature="tearDown()[pri:0, instance:ecommerce.EcommerceProject.testcases.LoginPageTest@6aaceffd]" started-at="2023-08-02T01:55:18 IST" name="tearDown" finished-at="2023-08-02T01:55:19 IST" duration-ms="511" status="PASS">
          <reporter-output>
          </reporter-output>
        </test-method> <!-- tearDown -->
      </class> <!-- ecommerce.EcommerceProject.testcases.LoginPageTest -->
    </test> <!-- Test -->
  </suite> <!-- Suite -->
</testng-results>
